"../../../Engine/Content/Animation/DefaultAnimCurveCompressionSettings.uasset" 0
"../../../Engine/Content/Functions/Engine_MaterialFunctions01/Opacity/CameraDepthFade.uasset" 1
"../../../Engine/Content/EngineMaterials/T_Default_Material_Grid_M.uasset" 2
"../../../Engine/Content/EngineMaterials/T_Default_Material_Grid_N.uasset" 3
"../../../Engine/Content/EngineMaterials/WorldGridMaterial.uasset" 4
"../../../Engine/Content/ArtTools/RenderToTexture/Meshes/S_1_Unit_Plane.uasset" 5
"../../../Engine/Content/EngineMaterials/DefaultMaterial.uasset" 6
"../../../Engine/Content/BasicShapes/Cone.uasset" 7
"../../../Engine/Content/BasicShapes/Cube.uasset" 8
"../../../Engine/Content/BasicShapes/Cylinder.uasset" 9
"../../../Engine/Content/BasicShapes/Sphere.uasset" 10
"../../../Engine/Content/EngineMaterials/DefaultPhysicalMaterial.uasset" 11
"../../../Engine/Content/BufferVisualization/AmbientOcclusion.uasset" 12
"../../../Engine/Content/BufferVisualization/BaseColor.uasset" 13
"../../../Engine/Content/BufferVisualization/CustomDepth.uasset" 14
"../../../Engine/Content/Functions/Engine_MaterialFunctions02/Utility/VectorLength.uasset" 15
"../../../Engine/Content/BufferVisualization/CustomDepthWorldUnits.uasset" 16
"../../../Engine/Content/Functions/Engine_MaterialFunctions02/Utility/BreakOutFloat2Components.uasset" 17
"../../../Engine/Content/Functions/Engine_MaterialFunctions01/Texturing/ScaleUVsByCenter.uasset" 18
"../../../Engine/Content/Functions/Engine_MaterialFunctions02/ScreenResolution.uasset" 19
"../../../Engine/Content/Functions/Engine_MaterialFunctions02/Texturing/ScreenAlignedUVs.uasset" 20
"../../../Engine/Content/Functions/Engine_MaterialFunctions02/Utility/MakeFloat2.uasset" 21
"../../../Engine/Content/Functions/Engine_MaterialFunctions02/Utility/MakeFloat3.uasset" 22
"../../../Engine/Content/EngineMaterials/MiniFont.uasset" 23
"../../../Engine/Content/BufferVisualization/CustomStencil.uasset" 24
"../../../Engine/Content/BufferVisualization/FinalImage.uasset" 25
"../../../Engine/Content/BufferVisualization/LightingModel.uasset" 26
"../../../Engine/Content/BufferVisualization/MaterialAO.uasset" 27
"../../../Engine/Content/BufferVisualization/Metallic.uasset" 28
"../../../Engine/Content/BufferVisualization/Opacity.uasset" 29
"../../../Engine/Content/BufferVisualization/PostTonemapHDRColor.uasset" 30
"../../../Engine/Content/BufferVisualization/PreTonemapHDRColor.uasset" 31
"../../../Engine/Content/BufferVisualization/Roughness.uasset" 32
"../../../Engine/Content/BufferVisualization/SceneColor.uasset" 33
"../../../Engine/Content/BufferVisualization/SceneDepth.uasset" 34
"../../../Engine/Content/BufferVisualization/SceneDepthWorldUnits.uasset" 35
"../../../Engine/Content/BufferVisualization/SeparateTranslucencyA.uasset" 36
"../../../Engine/Content/BufferVisualization/SeparateTranslucencyRGB.uasset" 37
"../../../Engine/Content/BufferVisualization/Specular.uasset" 38
"../../../Engine/Content/BufferVisualization/SubsurfaceColor.uasset" 39
"../../../Engine/Content/BufferVisualization/Velocity.uasset" 40
"../../../Engine/Content/BufferVisualization/WorldNormal.uasset" 41
"../../../Engine/Content/EditorLandscapeResources/DataLayer.uasset" 42
"../../../Engine/Content/EditorLandscapeResources/DefaultAlphaTexture.uasset" 43
"../../../Engine/Content/EditorLandscapeResources/LandscapeGizmoHeight_Mat.uasset" 44
"../../../Engine/Content/EditorLandscapeResources/LandscapeGizmo_Mat.uasset" 45
"../../../Engine/Content/EditorLandscapeResources/LandscapeGizmo_Mat_Copied.uasset" 46
"../../../Engine/Content/EditorLandscapeResources/SplineEditorMeshMat.uasset" 47
"../../../Engine/Content/EditorLandscapeResources/SplineEditorMesh.uasset" 48
"../../../Engine/Content/EditorMaterials/Cross.uasset" 49
"../../../Engine/Content/EditorMaterials/Cross_Mat.uasset" 50
"../../../Engine/Content/EngineMaterials/DefaultDiffuse.uasset" 51
"../../../Engine/Content/Functions/Engine_MaterialFunctions01/Texturing/TextureCropping.uasset" 52
"../../../Engine/Content/Functions/Engine_MaterialFunctions01/Texturing/ComputeMipLevel.uasset" 53
"../../../Engine/Content/Functions/Engine_MaterialFunctions02/ExampleContent/DebugNumberStrip.uasset" 54
"../../../Engine/Content/Functions/Engine_MaterialFunctions02/ExampleContent/Textures/DebugNumberPeriod.uasset" 55
"../../../Engine/Content/Functions/Engine_MaterialFunctions02/Utility/DebugScalarValues.uasset" 56
"../../../Engine/Content/Functions/Engine_MaterialFunctions02/Utility/DebugFloat2Values.uasset" 57
"../../../Engine/Content/Functions/Engine_MaterialFunctions02/ExampleContent/Textures/flipbook.uasset" 58
"../../../Engine/Content/Functions/Engine_MaterialFunctions02/Texturing/FlipBook.uasset" 59
"../../../Engine/Content/Functions/Engine_MaterialFunctions02/Utility/Sign.uasset" 60
"../../../Engine/Content/Functions/Engine_MaterialFunctions02/Utility/Round.uasset" 61
"../../../Engine/Content/EditorResources/T_EditorHelp.uasset" 62
"../../../Engine/Content/EditorMaterials/HelpActorMaterial.uasset" 63
"../../../Engine/Content/EditorMaterials/CompositeARGBLayer.uasset" 64
"../../../Engine/Content/EditorMaterials/TilingAALineIntegral.uasset" 65
"../../../Engine/Content/EditorMaterials/TilingAALineBoxFiltered.uasset" 66
"../../../Engine/Content/Functions/Engine_MaterialFunctions03/Procedurals/ComputeFilterWidth.uasset" 67
"../../../Engine/Content/EditorMaterials/TilingAADots.uasset" 68
"../../../Engine/Content/EngineMaterials/BlendFunc_DefBase.uasset" 69
"../../../Engine/Content/EngineMaterials/BlendFunc_DefBlend.uasset" 70
"../../../Engine/Content/Functions/Engine_MaterialFunctions03/Blends/Blend_Screen.uasset" 71
"../../../Engine/Content/EditorMaterials/TilingAAGrid.uasset" 72
"../../../Engine/Content/EditorMaterials/LevelGridMaterial.uasset" 73
"../../../Engine/Content/EditorMaterials/MakeCompositeARGBLayer.uasset" 74
"../../../Engine/Content/EditorResources/LevelGrid1DStripes.uasset" 75
"../../../Engine/Content/EditorMaterials/TextureGridCascaded1D.uasset" 76
"../../../Engine/Content/EditorMaterials/TextureGridCascaded2D.uasset" 77
"../../../Engine/Content/EditorMaterials/LevelGridMaterial2.uasset" 78
"../../../Engine/Content/EditorMaterials/MAT_Groups_Toggle.uasset" 79
"../../../Engine/Content/EditorMaterials/MAT_Groups_Visibility.uasset" 80
"../../../Engine/Content/EditorMaterials/PhAT_BoneSelectedMaterial.uasset" 81
"../../../Engine/Content/EditorMaterials/PhAT_ElemSelectedMaterial.uasset" 82
"../../../Engine/Content/EditorMaterials/PhAT_NoCollisionMaterial.uasset" 83
"../../../Engine/Content/EditorMaterials/PhAT_UnselectedMaterial.uasset" 84
"../../../Engine/Content/EditorMaterials/PreviewShadowIndicator.uasset" 85
"../../../Engine/Content/EditorMaterials/PreviewShadowIndicatorMaterial.uasset" 86
"../../../Engine/Content/EditorMaterials/TargetIcon.uasset" 87
"../../../Engine/Content/EditorMaterials/Tick.uasset" 88
"../../../Engine/Content/EditorMaterials/Tick_Mat.uasset" 89
"../../../Engine/Content/EditorMaterials/WidgetGridVertexColorMaterial.uasset" 90
"../../../Engine/Content/EditorMaterials/WidgetGridVertexColorMaterial_Ma.uasset" 91
"../../../Engine/Content/EditorMaterials/WidgetMaterial.uasset" 92
"../../../Engine/Content/EditorMaterials/WidgetMaterial_Current.uasset" 93
"../../../Engine/Content/EditorMaterials/WidgetMaterial_X.uasset" 94
"../../../Engine/Content/EditorMaterials/WidgetMaterial_Y.uasset" 95
"../../../Engine/Content/EditorMaterials/WidgetMaterial_Z.uasset" 96
"../../../Engine/Content/EditorMaterials/WidgetVertexColorMaterial.uasset" 97
"../../../Engine/Content/EditorMaterials/MatineeGroups/MAT_ColorTrack.uasset" 98
"../../../Engine/Content/EditorMaterials/MatineeGroups/MAT_Groups_Anim.uasset" 99
"../../../Engine/Content/EditorMaterials/MatineeGroups/MAT_Groups_AudioMaster.uasset" 100
"../../../Engine/Content/EditorMaterials/MatineeGroups/MAT_Groups_Director.uasset" 101
"../../../Engine/Content/EditorMaterials/MatineeGroups/MAT_Groups_Event.uasset" 102
"../../../Engine/Content/EditorMaterials/MatineeGroups/MAT_Groups_Fade.uasset" 103
"../../../Engine/Content/EditorMaterials/MatineeGroups/MAT_Groups_Float.uasset" 104
"../../../Engine/Content/EditorMaterials/MatineeGroups/MAT_Groups_Move.uasset" 105
"../../../Engine/Content/EditorMaterials/MatineeGroups/MAT_Groups_Slomo.uasset" 106
"../../../Engine/Content/EditorMaterials/MatineeGroups/MAT_Groups_Sound.uasset" 107
"../../../Engine/Content/EditorMaterials/MatineeGroups/MAT_Groups_Vector.uasset" 108
"../../../Engine/Content/EditorMaterials/ParticleSystems/PSysThumbnail_NoImage.uasset" 109
"../../../Engine/Content/EditorMaterials/ParticleSystems/PSysThumbnail_OOD.uasset" 110
"../../../Engine/Content/EngineMaterials/Grid.uasset" 111
"../../../Engine/Content/EditorMaterials/Thumbnails/FloorPlaneMaterial.uasset" 112
"../../../Engine/Content/EditorMeshes/EditorCube.uasset" 113
"../../../Engine/Content/EditorMeshes/EditorCylinder.uasset" 114
"../../../Engine/Content/EditorMeshes/EditorPlane.uasset" 115
"../../../Engine/Content/EditorMaterials/Thumbnails/SkySphereMaterial.uasset" 116
"../../../Engine/Content/EditorMeshes/EditorSkySphere.uasset" 117
"../../../Engine/Content/EditorMeshes/EditorSphere.uasset" 118
"../../../Engine/Content/EditorResources/MatineeCam_D.uasset" 119
"../../../Engine/Content/EditorMaterials/MatineeCam_mat.uasset" 120
"../../../Engine/Content/EditorMeshes/MatineeCam_SM.uasset" 121
"../../../Engine/Content/EditorMeshes/PlanarReflectionPlane.uasset" 122
"../../../Engine/Content/EditorMaterials/Camera/CineMat.uasset" 123
"../../../Engine/Content/EditorMaterials/Camera/MI_CineMat_CameraBody.uasset" 124
"../../../Engine/Content/EngineDebugMaterials/M_SimpleOpaque.uasset" 125
"../../../Engine/Content/EditorMaterials/Camera/MI_CineMat_CamViewFinder.uasset" 126
"../../../Engine/Content/EditorMeshes/Camera/SM_CineCam.uasset" 127
"../../../Engine/Content/EditorMaterials/Camera/MI_CineMat_Rig.uasset" 128
"../../../Engine/Content/EditorMeshes/Camera/SM_CraneRig_Arm.uasset" 129
"../../../Engine/Content/EditorMeshes/Camera/SM_CraneRig_Base.uasset" 130
"../../../Engine/Content/EditorMeshes/Camera/SM_CraneRig_Body.uasset" 131
"../../../Engine/Content/EditorMeshes/Camera/SM_CraneRig_Mount.uasset" 132
"../../../Engine/Content/EditorMeshes/Camera/SM_RailRig_Mount.uasset" 133
"../../../Engine/Content/EditorMeshes/Camera/SM_RailRig_Track.uasset" 134
"../../../Engine/Content/EditorMeshes/ColorCalibrator/M_ChromeBall.uasset" 135
"../../../Engine/Content/EditorResources/Bad.uasset" 136
"../../../Engine/Content/EditorResources/BSPVertex.uasset" 137
"../../../Engine/Content/EditorResources/EmptyActor.uasset" 138
"../../../Engine/Content/EditorResources/MatInstActSprite.uasset" 139
"../../../Engine/Content/EditorResources/SceneManager.uasset" 140
"../../../Engine/Content/EditorResources/SmallFont.uasset" 141
"../../../Engine/Content/EditorResources/S_Actor.uasset" 142
"../../../Engine/Content/EditorResources/S_DecalActorIcon.uasset" 143
"../../../Engine/Content/EditorResources/S_Emitter.uasset" 144
"../../../Engine/Content/EditorResources/S_ExpoHeightFog.uasset" 145
"../../../Engine/Content/EditorResources/S_FTest.uasset" 146
"../../../Engine/Content/EditorResources/S_KBSJoint.uasset" 147
"../../../Engine/Content/EditorResources/S_KHinge.uasset" 148
"../../../Engine/Content/EditorResources/S_KPrismatic.uasset" 149
"../../../Engine/Content/EditorResources/S_LevelSequence.uasset" 150
"../../../Engine/Content/EditorResources/S_NavP.uasset" 151
"../../../Engine/Content/EditorResources/S_Note.uasset" 152
"../../../Engine/Content/EditorResources/S_Player.uasset" 153
"../../../Engine/Content/EditorResources/S_PortalActorIcon2.uasset" 154
"../../../Engine/Content/EditorResources/S_RadForce.uasset" 155
"../../../Engine/Content/EditorResources/S_ReflActorIcon.uasset" 156
"../../../Engine/Content/EditorResources/S_SkyAtmosphere.uasset" 157
"../../../Engine/Content/EditorResources/S_Solver.uasset" 158
"../../../Engine/Content/EditorResources/S_Terrain.uasset" 159
"../../../Engine/Content/EditorResources/S_TextRenderActorIcon.uasset" 160
"../../../Engine/Content/EditorResources/S_Thruster.uasset" 161
"../../../Engine/Content/EditorResources/S_Trigger.uasset" 162
"../../../Engine/Content/EditorResources/S_VectorFieldVol.uasset" 163
"../../../Engine/Content/EditorResources/S_WindDirectional.uasset" 164
"../../../Engine/Content/EditorResources/AI/S_NavLink.uasset" 165
"../../../Engine/Content/EditorResources/LightIcons/SkyLight.uasset" 166
"../../../Engine/Content/EditorResources/LightIcons/S_LightDirectional.uasset" 167
"../../../Engine/Content/EditorResources/LightIcons/S_LightDirectionalMove.uasset" 168
"../../../Engine/Content/EditorResources/LightIcons/S_LightError.uasset" 169
"../../../Engine/Content/EditorResources/LightIcons/S_LightPoint.uasset" 170
"../../../Engine/Content/EditorResources/LightIcons/S_LightPointMove.uasset" 171
"../../../Engine/Content/EditorResources/LightIcons/S_LightSpot.uasset" 172
"../../../Engine/Content/EditorResources/LightIcons/S_LightSpotMove.uasset" 173
"../../../Engine/Content/EditorResources/SequenceRecorder/Countdown.uasset" 174
"../../../Engine/Content/EditorResources/SequenceRecorder/RecordingIndicator.uasset" 175
"../../../Engine/Content/EditorResources/Spline/T_Loft_Spline.uasset" 176
"../../../Engine/Content/EditorSounds/Notifications/CompileFailed.uasset" 177
"../../../Engine/Content/EditorSounds/Notifications/CompileFailed_Cue.uasset" 178
"../../../Engine/Content/EditorSounds/Notifications/CompileSuccess.uasset" 179
"../../../Engine/Content/EditorSounds/Notifications/CompileStart_Cue.uasset" 180
"../../../Engine/Content/EditorSounds/Notifications/CompileSuccess_Cue.uasset" 181
"../../../Engine/Content/EngineDamageTypes/DmgTypeBP_Environmental.uasset" 182
"../../../Engine/Content/EngineDebugMaterials/HeatmapGradient.uasset" 183
"../../../Engine/Content/EngineDebugMaterials/BoneWeightMaterial.uasset" 184
"../../../Engine/Content/EngineDebugMaterials/ClothMaterial.uasset" 185
"../../../Engine/Content/EngineDebugMaterials/ClothMaterial_WF.uasset" 186
"../../../Engine/Content/EngineDebugMaterials/DebugEditorMaterial.uasset" 187
"../../../Engine/Content/EngineDebugMaterials/DebugMeshMaterial.uasset" 188
"../../../Engine/Content/EngineDebugMaterials/GeomMaterial.uasset" 189
"../../../Engine/Content/Functions/Engine_MaterialFunctions01/Shading/ConvertFromDiffSpec.uasset" 190
"../../../Engine/Content/EngineDebugMaterials/LevelColorationLitMaterial.uasset" 191
"../../../Engine/Content/EngineDebugMaterials/LevelColorationUnlitMaterial.uasset" 192
"../../../Engine/Content/EngineMaterials/DefaultWhiteGrid.uasset" 193
"../../../Engine/Content/EngineDebugMaterials/MAT_LevelColorationLitLightmapUV.uasset" 194
"../../../Engine/Content/EngineDebugMaterials/M_SimpleTranslucent.uasset" 195
"../../../Engine/Content/Functions/Engine_MaterialFunctions02/Utility/CameraDirectionVector.uasset" 196
"../../../Engine/Content/EngineDebugMaterials/VolumeToRender.uasset" 197
"../../../Engine/Content/EngineDebugMaterials/M_VolumeRenderSphereTracePP.uasset" 198
"../../../Engine/Content/EngineDebugMaterials/ShadedLevelColorationLitMaterial.uasset" 199
"../../../Engine/Content/EngineDebugMaterials/ShadedLevelColorationUnlitMateri.uasset" 200
"../../../Engine/Content/EngineDebugMaterials/VertexColorMaterial.uasset" 201
"../../../Engine/Content/EngineDebugMaterials/VertexColorViewMode_AlphaAsColor.uasset" 202
"../../../Engine/Content/EngineDebugMaterials/VertexColorViewMode_BlueOnly.uasset" 203
"../../../Engine/Content/EngineDebugMaterials/VertexColorViewMode_ColorOnly.uasset" 204
"../../../Engine/Content/EngineDebugMaterials/VertexColorViewMode_GreenOnly.uasset" 205
"../../../Engine/Content/EngineDebugMaterials/VertexColorViewMode_RedOnly.uasset" 206
"../../../Engine/Content/EngineDebugMaterials/WireframeMaterial.uasset" 207
"../../../Engine/Content/EngineFonts/Faces/DroidSansFallback.uasset" 208
"../../../Engine/Content/EngineFonts/Faces/RobotoBold.uasset" 209
"../../../Engine/Content/EngineFonts/Faces/RobotoBoldItalic.uasset" 210
"../../../Engine/Content/EngineFonts/Faces/RobotoItalic.uasset" 211
"../../../Engine/Content/EngineFonts/Faces/RobotoLight.uasset" 212
"../../../Engine/Content/EngineFonts/Faces/RobotoRegular.uasset" 213
"../../../Engine/Content/EngineFonts/Roboto.uasset" 214
"../../../Engine/Content/EngineFonts/Faces/RobotoTiny.uasset" 215
"../../../Engine/Content/EngineFonts/RobotoTiny.uasset" 216
"../../../Engine/Content/EngineFonts/SmallFont.uasset" 217
"../../../Engine/Content/EngineFonts/TinyFont.uasset" 218
"../../../Engine/Content/EngineMaterials/BaseFlattenDiffuseMap.uasset" 219
"../../../Engine/Content/EngineMaterials/BaseFlattenEmissiveMap.uasset" 220
"../../../Engine/Content/EngineMaterials/BaseFlattenGrayscaleMap.uasset" 221
"../../../Engine/Content/EngineMaterials/BaseFlattenNormalMap.uasset" 222
"../../../Engine/Content/EngineMaterials/BaseFlattenMaterial.uasset" 223
"../../../Engine/Content/EngineResources/WhiteSquareTexture.uasset" 224
"../../../Engine/Content/EngineMaterials/BlinkingCaret.uasset" 225
"../../../Engine/Content/EngineMaterials/BlueNoise.uasset" 226
"../../../Engine/Content/EngineMaterials/DefaultBloomKernel.uasset" 227
"../../../Engine/Content/EngineMaterials/DefaultBokeh.uasset" 228
"../../../Engine/Content/EngineMaterials/DefaultDeferredDecalMaterial.uasset" 229
"../../../Engine/Content/EngineMaterials/DefaultLightFunctionMaterial.uasset" 230
"../../../Engine/Content/EngineMaterials/DefaultPostProcessMaterial.uasset" 231
"../../../Engine/Content/EngineFonts/RobotoDistanceField.uasset" 232
"../../../Engine/Content/EngineMaterials/DefaultTextMaterialOpaque.uasset" 233
"../../../Engine/Content/EngineMaterials/DefaultVirtualTextureMaterial.uasset" 234
"../../../Engine/Content/EngineMaterials/EditorBrushMaterial.uasset" 235
"../../../Engine/Content/EngineMaterials/DefaultWhiteGrid_Low.uasset" 236
"../../../Engine/Content/EngineMaterials/EmissiveMeshMaterial.uasset" 237
"../../../Engine/Content/EngineMaterials/GizmoMaterial.uasset" 238
"../../../Engine/Content/EngineMaterials/Good64x64TilingNoiseHighFreq.uasset" 239
"../../../Engine/Content/EngineMaterials/Grid_N.uasset" 240
"../../../Engine/Content/EngineMaterials/HairColorMap.uasset" 241
"../../../Engine/Content/EngineMaterials/HairDebugColor.uasset" 242
"../../../Engine/Content/EngineMaterials/HairDebugMaterial.uasset" 243
"../../../Engine/Content/EngineMaterials/HairDefaultMaterial.uasset" 244
"../../../Engine/Content/EngineMaterials/HighResolutionScreenshotMaskFunction.uasset" 245
"../../../Engine/Content/EngineMaterials/HighResScreenshot.uasset" 246
"../../../Engine/Content/EngineMaterials/HighResScreenshotCaptureRegion.uasset" 247
"../../../Engine/Content/EngineMaterials/HighResScreenshotMask.uasset" 248
"../../../Engine/Content/EngineMaterials/LandscapeHolePhysicalMaterial.uasset" 249
"../../../Engine/Content/EngineMaterials/InvalidLightmapSettings.uasset" 250
"../../../Engine/Content/EngineMaterials/M_InvalidLightmapSettings.uasset" 251
"../../../Engine/Content/EngineMaterials/PaperDiffuse.uasset" 252
"../../../Engine/Content/EngineMaterials/PaperNormal.uasset" 253
"../../../Engine/Content/Functions/Engine_MaterialFunctions02/WorldPositionOffset/CameraOffset.uasset" 254
"../../../Engine/Content/EngineMaterials/PhAT_JointLimitMaterial.uasset" 255
"../../../Engine/Content/EngineMaterials/PhysMat_Rubber.uasset" 256
"../../../Engine/Content/EngineMaterials/PreintegratedSkinBRDF.uasset" 257
"../../../Engine/Content/EngineMaterials/RemoveSurfaceMaterial.uasset" 258
"../../../Engine/Content/EngineMaterials/WeightMapPlaceholderTexture.uasset" 259
"../../../Engine/Content/Functions/Engine_MaterialFunctions01/ImageAdjustment/sRGBToLinear.uasset" 260
"../../../Engine/Content/Functions/Engine_MaterialFunctions02/Utility/BreakOutFloat3Components.uasset" 261
"../../../Engine/Content/EngineMaterials/Widget3DCameraPassThrough_Opaque_OneSided.uasset" 262
"../../../Engine/Content/EngineMaterials/Widget3DPassThrough.uasset" 263
"../../../Engine/Content/EngineMaterials/Widget3DPassThrough_Masked.uasset" 264
"../../../Engine/Content/EngineMaterials/Widget3DPassThrough_Opaque.uasset" 265
"../../../Engine/Content/EngineMaterials/Widget3DPassThrough_Masked_OneSided.uasset" 266
"../../../Engine/Content/EngineMaterials/Widget3DPassThrough_Opaque_OneSided.uasset" 267
"../../../Engine/Content/EngineMaterials/Widget3DPassThrough_Translucent.uasset" 268
"../../../Engine/Content/EngineMaterials/Widget3DPassThrough_Translucent_OneSided.uasset" 269
"../../../Engine/Content/EngineMeshes/Cylinder.uasset" 270
"../../../Engine/Content/EngineMeshes/Sphere.uasset" 271
"../../../Engine/Content/EngineResources/Black.uasset" 272
"../../../Engine/Content/EngineResources/DefaultTexture.uasset" 273
"../../../Engine/Content/EngineResources/DefaultTextureCube.uasset" 274
"../../../Engine/Content/EngineResources/DefaultVolumeTexture2D.uasset" 275
"../../../Engine/Content/EngineResources/DefaultVolumeTexture.uasset" 276
"../../../Engine/Content/EngineResources/GradientTexture0.uasset" 277
"../../../Engine/Content/EngineResources/StreamingPauseIcon.uasset" 278
"../../../Engine/Content/EngineResources/M_StreamingPause.uasset" 279
"../../../Engine/Content/EngineSounds/Master.uasset" 280
"../../../Engine/Content/Functions/Engine_MaterialFunctions01/Shading/PowerToRoughness.uasset" 281
"../../../Engine/Content/Maps/Templates/Thumbnails/Default.uasset" 282
"../../../Engine/Content/Maps/Templates/Thumbnails/VR-Basic.uasset" 283
"../../../Engine/Content/MapTemplates/Sky/DaylightAmbientCubemap.uasset" 284
"../../../Engine/Content/MobileResources/T_MobileControls_texture.uasset" 285
"../../../Engine/Content/MobileResources/T_MobileMenu2.uasset" 286
"../../../Engine/Content/MobileResources/HUD/AnalogHat.uasset" 287
"../../../Engine/Content/MobileResources/HUD/VirtualJoystick_Background.uasset" 288
"../../../Engine/Content/MobileResources/HUD/VirtualJoystick_Thumb.uasset" 289
"../../../Engine/Content/MobileResources/HUD/DefaultVirtualJoysticks.uasset" 290
"../../../Engine/Content/MobileResources/HUD/LeftVirtualJoystickOnly.uasset" 291
"../../../Engine/Content/MobileResources/HUD/MobileHUDButton1_off.uasset" 292
"../../../Engine/Content/MobileResources/HUD/MobileHUDButton1_on.uasset" 293
"../../../Engine/Content/MobileResources/HUD/MobileHUDButton2_off.uasset" 294
"../../../Engine/Content/MobileResources/HUD/MobileHUDButton2_on.uasset" 295
"../../../Engine/Content/MobileResources/HUD/MobileHUDButton3.uasset" 296
"../../../Engine/Content/MobileResources/HUD/MobileHUDButtonFire.uasset" 297
"../../../Engine/Content/MobileResources/HUD/MobileHUDDirectionPad.uasset" 298
"../../../Engine/Content/MobileResources/HUD/MobileHUDDirectionPad2.uasset" 299
"../../../Engine/Content/MobileResources/HUD/MobileHUDDirectionPad3.uasset" 300
"../../../Engine/Content/MobileResources/HUD/MobileHUDDirectionStick.uasset" 301
"../../../Engine/Content/MobileResources/HUD/T_Castle_ThumbstickInner.uasset" 302
"../../../Engine/Content/MobileResources/HUD/T_Castle_ThumbstickOutter.uasset" 303
"../../../Engine/Content/Tutorial/ContentIntroCurve.uasset" 304
"../../../Engine/Content/Tutorial/Basics/LevelEditorAttract.uasset" 305
"../../../Engine/Content/Tutorial/Basics/TutorialAssets/icon_tab_Levels_40x.uasset" 306
"../../../Engine/Content/Tutorial/Basics/LevelEditorOverview.uasset" 307
"../../../Engine/Content/VREditor/LaserPointer/VR_LaserPower_01.uasset" 308
"../../../Engine/Content/VREditor/TransformGizmo/TransformGizmoMaterial.uasset" 309
"../../../Engine/Content/VREditor/TransformGizmo/TranslucentTransformGizmoMaterial.uasset" 310
"../../../Engine/Content/VREditor/TransformGizmo/BoundingBoxCorner.uasset" 311
"../../../Engine/Content/VREditor/TransformGizmo/BoundingBoxEdge.uasset" 312
"../../../Engine/Content/VREditor/TransformGizmo/PlaneTranslationHandle.uasset" 313
"../../../Engine/Content/VREditor/TransformGizmo/Main.uasset" 314
"../../../Engine/Content/VREditor/TransformGizmo/Xray.uasset" 315
"../../../Engine/Content/VREditor/TransformGizmo/SM_Sequencer_Key.uasset" 316
"../../../Engine/Content/VREditor/TransformGizmo/SM_Sequencer_Node.uasset" 317
"E:/unreal engine projects/Mazes424/Content/NewLevelSequence.uasset" 318
"../../Plugins/2D/Paper2D/Content/PlaceholderTextures/DummySpriteTexture.uasset" 319
"../../Plugins/2D/Paper2D/Content/DummySprite.uasset" 320
"../../Plugins/2D/Paper2D/Content/DefaultPaperTerrainMaterial.uasset" 321
"../../Plugins/2D/Paper2D/Content/DefaultSpriteMaterial.uasset" 322
"../../Plugins/2D/Paper2D/Content/MaskedUnlitSpriteMaterial.uasset" 323
"../../Plugins/2D/Paper2D/Content/OpaqueUnlitSpriteMaterial.uasset" 324
"../../../Engine/Content/Functions/Engine_MaterialFunctions02/Texturing/CustomRotator.uasset" 325
"../../Plugins/Marketplace/Substance/Content/Templates/material_functions/tiling.uasset" 326
"../../Plugins/Marketplace/Substance/Content/Templates/textures/default_color.uasset" 327
"../../Plugins/Marketplace/Substance/Content/Templates/textures/default_normal.uasset" 328
"../../Plugins/Marketplace/Substance/Content/Templates/parent_materials/Substance_Basic_Template.uasset" 329
"../../../Engine/Content/Functions/Engine_MaterialFunctions02/Utility/BreakOutFloat4Components.uasset" 330
"../../Plugins/Runtime/Oculus/OculusVR/Content/Materials/OculusMR_ChromaKey.uasset" 331
"../../Plugins/Runtime/Oculus/OculusVR/Content/Materials/OculusMR_ChromaKey_Lit.uasset" 332
"../../Plugins/Runtime/Oculus/OculusVR/Content/Materials/OculusMR_OpaqueColoredMaterial.uasset" 333
"../../Plugins/Runtime/Oculus/OculusVR/Content/Materials/OculusMR_WhiteMaterial.uasset" 334
"../../../Engine/Content/Maps/Entry_BuiltData.uasset" 335
"../../../Engine/Content/Maps/Entry.umap" 336
"../../../Engine/Content/EditorBlueprintResources/StandardMacros.uasset" 337
"../../../Engine/Content/EngineSky/C_Sky_Cloud_Color.uasset" 338
"../../../Engine/Content/EngineSky/C_Sky_Horizon_Color.uasset" 339
"../../../Engine/Content/EngineSky/C_Sky_Zenith_Color.uasset" 340
"../../../Engine/Content/EngineSky/T_Sky_Blue.uasset" 341
"../../../Engine/Content/EngineSky/T_Sky_Clouds_M.uasset" 342
"../../../Engine/Content/EngineSky/T_Sky_Stars.uasset" 343
"../../../Engine/Content/EngineSky/M_Sky_Panning_Clouds2.uasset" 344
"../../../Engine/Content/EngineSky/SM_SkySphere.uasset" 345
"../../../Engine/Content/EngineSky/BP_Sky_Sphere.uasset" 346
"E:/unreal engine projects/Mazes424/Content/MazeCreator/Blueprints/RoomProperties.uasset" 347
"E:/unreal engine projects/Mazes424/Content/MazeCreator/Materials/Wall.uasset" 348
"E:/unreal engine projects/Mazes424/Content/MazeCreator/Meshes/Corner.uasset" 349
"E:/unreal engine projects/Mazes424/Content/MazeCreator/Materials/Floor.uasset" 350
"E:/unreal engine projects/Mazes424/Content/MazeCreator/Meshes/Floor.uasset" 351
"E:/unreal engine projects/Mazes424/Content/MazeCreator/Meshes/Wall.uasset" 352
"E:/unreal engine projects/Mazes424/Content/MazeCreator/Meshes/WallNoOverlaps.uasset" 353
"E:/unreal engine projects/Mazes424/Content/MazeCreator/Blueprints/MazeCreator.uasset" 354
"../../../Engine/Content/Functions/Engine_MaterialFunctions01/Texturing/FlattenNormal.uasset" 355
"../../../Engine/Content/Functions/Engine_MaterialFunctions03/Blends/Blend_Overlay.uasset" 356
"../../../Engine/Content/EngineVolumetrics/Fogsheet/Materials/T_EV_BlankWhite_01.uasset" 357
"E:/unreal engine projects/Mazes424/Content/MSPresets/MSTextures/Albedo.uasset" 358
"E:/unreal engine projects/Mazes424/Content/MSPresets/MSTextures/Normal.uasset" 359
"E:/unreal engine projects/Mazes424/Content/MSPresets/MSTextures/Roughness.uasset" 360
"E:/unreal engine projects/Mazes424/Content/MSPresets/MS_DefaultMaterial/MS_DefaultMaterial.uasset" 361
"E:/unreal engine projects/Mazes424/Content/Megascans/Surfaces/Rough_Brick_Wall_2x2_M_00/ufiiaayew_2K_Albedo.uasset" 362
"E:/unreal engine projects/Mazes424/Content/Megascans/Surfaces/Rough_Brick_Wall_2x2_M_00/ufiiaayew_2K_Normal.uasset" 363
"E:/unreal engine projects/Mazes424/Content/Megascans/Surfaces/Rough_Brick_Wall_2x2_M_00/ufiiaayew_2K_Roughness.uasset" 364
"E:/unreal engine projects/Mazes424/Content/rome/coliseum/archs.uasset" 365
"E:/unreal engine projects/Mazes424/Content/rome/coliseum/booth360.uasset" 366
"E:/unreal engine projects/Mazes424/Content/rome/coliseum/booth360_Blueprint.uasset" 367
"E:/unreal engine projects/Mazes424/Content/rome/coliseum/colosseum-out.uasset" 368
"E:/unreal engine projects/Mazes424/Content/rome/coliseum/colosseum-out_Blueprint.uasset" 369
"E:/unreal engine projects/Mazes424/Content/characters/main-char/Idle_Skeleton.uasset" 370
"E:/unreal engine projects/Mazes424/Content/characters/main-char/Idle_Anim.uasset" 371
"E:/unreal engine projects/Mazes424/Content/characters/main-char/Running.uasset" 372
"E:/unreal engine projects/Mazes424/Content/characters/main-char/Walking.uasset" 373
"E:/unreal engine projects/Mazes424/Content/characters/main-char/animation.uasset" 374
"E:/unreal engine projects/Mazes424/Content/characters/main-char/NewAnimBlueprint.uasset" 375
"E:/unreal engine projects/Mazes424/Content/characters/main-char/mainchar_Beard_Diffuse.uasset" 376
"E:/unreal engine projects/Mazes424/Content/characters/main-char/mainchar_Beard_Gloss.uasset" 377
"E:/unreal engine projects/Mazes424/Content/characters/main-char/mainchar_Beard_Normal.uasset" 378
"E:/unreal engine projects/Mazes424/Content/characters/main-char/mainchar_Beard_Opacity.uasset" 379
"E:/unreal engine projects/Mazes424/Content/characters/main-char/mainchar_Beard_Specular.uasset" 380
"E:/unreal engine projects/Mazes424/Content/characters/main-char/Beardmat.uasset" 381
"E:/unreal engine projects/Mazes424/Content/characters/main-char/mainchar_Body_Diffuse.uasset" 382
"E:/unreal engine projects/Mazes424/Content/characters/main-char/mainchar_Body_Gloss.uasset" 383
"E:/unreal engine projects/Mazes424/Content/characters/main-char/mainchar_Body_Normal.uasset" 384
"E:/unreal engine projects/Mazes424/Content/characters/main-char/mainchar_Body_Opacity.uasset" 385
"E:/unreal engine projects/Mazes424/Content/characters/main-char/mainchar_Body_Specular.uasset" 386
"E:/unreal engine projects/Mazes424/Content/characters/main-char/Bodymat.uasset" 387
"E:/unreal engine projects/Mazes424/Content/characters/main-char/Bodymat_ncl1_1.uasset" 388
"E:/unreal engine projects/Mazes424/Content/characters/main-char/Bodymat_ncl1_2.uasset" 389
"E:/unreal engine projects/Mazes424/Content/characters/main-char/mainchar_Bottom_Diffuse.uasset" 390
"E:/unreal engine projects/Mazes424/Content/characters/main-char/mainchar_Bottom_Gloss.uasset" 391
"E:/unreal engine projects/Mazes424/Content/characters/main-char/mainchar_Bottom_Normal.uasset" 392
"E:/unreal engine projects/Mazes424/Content/characters/main-char/mainchar_Bottom_Opacity.uasset" 393
"E:/unreal engine projects/Mazes424/Content/characters/main-char/mainchar_Bottom_Specular.uasset" 394
"E:/unreal engine projects/Mazes424/Content/characters/main-char/Bottommat.uasset" 395
"E:/unreal engine projects/Mazes424/Content/characters/main-char/mainchar_Hat_Diffuse.uasset" 396
"E:/unreal engine projects/Mazes424/Content/characters/main-char/mainchar_Hat_Gloss.uasset" 397
"E:/unreal engine projects/Mazes424/Content/characters/main-char/mainchar_Hat_Normal.uasset" 398
"E:/unreal engine projects/Mazes424/Content/characters/main-char/mainchar_Hat_Opacity.uasset" 399
"E:/unreal engine projects/Mazes424/Content/characters/main-char/mainchar_Hat_Specular.uasset" 400
"E:/unreal engine projects/Mazes424/Content/characters/main-char/Hatmat.uasset" 401
"E:/unreal engine projects/Mazes424/Content/characters/main-char/mainchar_Shoes_Diffuse.uasset" 402
"E:/unreal engine projects/Mazes424/Content/characters/main-char/mainchar_Shoes_Gloss.uasset" 403
"E:/unreal engine projects/Mazes424/Content/characters/main-char/mainchar_Shoes_Normal.uasset" 404
"E:/unreal engine projects/Mazes424/Content/characters/main-char/mainchar_Shoes_Opacity.uasset" 405
"E:/unreal engine projects/Mazes424/Content/characters/main-char/mainchar_Shoes_Specular.uasset" 406
"E:/unreal engine projects/Mazes424/Content/characters/main-char/Shoesmat.uasset" 407
"E:/unreal engine projects/Mazes424/Content/characters/main-char/mainchar_Top_Diffuse.uasset" 408
"E:/unreal engine projects/Mazes424/Content/characters/main-char/mainchar_Top_Gloss.uasset" 409
"E:/unreal engine projects/Mazes424/Content/characters/main-char/mainchar_Top_Normal.uasset" 410
"E:/unreal engine projects/Mazes424/Content/characters/main-char/mainchar_Top_Opacity.uasset" 411
"E:/unreal engine projects/Mazes424/Content/characters/main-char/mainchar_Top_Specular.uasset" 412
"E:/unreal engine projects/Mazes424/Content/characters/main-char/Topmat.uasset" 413
"E:/unreal engine projects/Mazes424/Content/characters/main-char/Idle_PhysicsAsset.uasset" 414
"E:/unreal engine projects/Mazes424/Content/characters/main-char/Idle.uasset" 415
"E:/unreal engine projects/Mazes424/Content/ThirdPersonBP/Blueprints/ThirdPersonCharacter.uasset" 416
"E:/unreal engine projects/Mazes424/Content/Megascans/Surfaces/Rock_Cliff_Layered_2x2_M_01/ubulehofw_2K_Albedo.uasset" 417
"E:/unreal engine projects/Mazes424/Content/Megascans/Surfaces/Rock_Cliff_Layered_2x2_M_01/ubulehofw_2K_Normal.uasset" 418
"E:/unreal engine projects/Mazes424/Content/Megascans/Surfaces/Rock_Cliff_Layered_2x2_M_01/ubulehofw_2K_Roughness.uasset" 419
"E:/unreal engine projects/Mazes424/Content/Megascans/Surfaces/Rock_Cliff_Layered_2x2_M_01/Rock_Cliff_Layered_2x2_M_01_inst.uasset" 420
"E:/unreal engine projects/Mazes424/Content/rome/coliseum/door.uasset" 421
"E:/unreal engine projects/Mazes424/Content/rome/coliseum/gate_door.uasset" 422
"E:/unreal engine projects/Mazes424/Content/rome/coliseum/dooropen.uasset" 423
"E:/unreal engine projects/Mazes424/Content/rome/coliseum/top.uasset" 424
"E:/unreal engine projects/Mazes424/Content/rome/coliseum/top_Blueprint.uasset" 425
"E:/unreal engine projects/Mazes424/Content/rome/coliseum/wall-ring_wall.uasset" 426
"E:/unreal engine projects/Mazes424/Content/rome/coliseum/wall-ring_wall_Blueprint.uasset" 427
"E:/unreal engine projects/Mazes424/Content/rome/coliseum/wall-ring_wall_Blueprint1.uasset" 428
"E:/unreal engine projects/Mazes424/Content/rome/brick_LayerInfo.uasset" 429
"E:/unreal engine projects/Mazes424/Content/rome/dirt_LayerInfo.uasset" 430
"E:/unreal engine projects/Mazes424/Content/rome/grass_LayerInfo.uasset" 431
"E:/unreal engine projects/Mazes424/Content/Maps/rome_BuiltData.uasset" 432
"E:/unreal engine projects/Mazes424/Content/LandMaterials/materials/Coastline_Flat_Stone_Wall_Mixed_INST_ambientocclusion.uasset" 433
"E:/unreal engine projects/Mazes424/Content/LandMaterials/materials/Coastline_Flat_Stone_Wall_Mixed_INST_diffuse.uasset" 434
"E:/unreal engine projects/Mazes424/Content/LandMaterials/materials/Coastline_Flat_Stone_Wall_Mixed_INST_metallic.uasset" 435
"E:/unreal engine projects/Mazes424/Content/LandMaterials/materials/Coastline_Flat_Stone_Wall_Mixed_INST_normal.uasset" 436
"E:/unreal engine projects/Mazes424/Content/LandMaterials/materials/Coastline_Flat_Stone_Wall_Mixed_INST_roughness.uasset" 437
"E:/unreal engine projects/Mazes424/Content/LandMaterials/materials/Grass_Countryside_INST_ambientocclusion.uasset" 438
"E:/unreal engine projects/Mazes424/Content/LandMaterials/materials/Grass_Countryside_INST_diffuse.uasset" 439
"E:/unreal engine projects/Mazes424/Content/LandMaterials/materials/Grass_Countryside_INST_metallic.uasset" 440
"E:/unreal engine projects/Mazes424/Content/LandMaterials/materials/Grass_Countryside_INST_normal.uasset" 441
"E:/unreal engine projects/Mazes424/Content/LandMaterials/materials/Grass_Countryside_INST_roughness.uasset" 442
"E:/unreal engine projects/Mazes424/Content/Megascans/Surfaces/Broken_Bricks_2x2_M_00/ufoieaklw_2K_Albedo.uasset" 443
"E:/unreal engine projects/Mazes424/Content/Megascans/Surfaces/Broken_Bricks_2x2_M_00/ufoieaklw_2K_AO.uasset" 444
"E:/unreal engine projects/Mazes424/Content/Megascans/Surfaces/Broken_Bricks_2x2_M_00/ufoieaklw_2K_Normal.uasset" 445
"E:/unreal engine projects/Mazes424/Content/Megascans/Surfaces/Broken_Bricks_2x2_M_00/ufoieaklw_2K_Roughness.uasset" 446
"E:/unreal engine projects/Mazes424/Content/LandMaterials/brick-dirt.uasset" 447
"E:/unreal engine projects/Mazes424/Content/Megascans/Surfaces/Rough_Brick_Wall_2x2_M_00/Rough_Brick_Wall_2x2_M_00_inst.uasset" 448
"E:/unreal engine projects/Mazes424/Content/Megascans/Surfaces/Rough_Rock_2x2_M_00/tl2ieggdy_2K_Albedo.uasset" 449
"E:/unreal engine projects/Mazes424/Content/Megascans/Surfaces/Rough_Rock_2x2_M_00/tl2ieggdy_2K_Normal.uasset" 450
"E:/unreal engine projects/Mazes424/Content/Megascans/Surfaces/Rough_Rock_2x2_M_00/tl2ieggdy_2K_Roughness.uasset" 451
"E:/unreal engine projects/Mazes424/Content/Megascans/Surfaces/Rough_Rock_2x2_M_00/Rough_Rock_2x2_M_00_inst.uasset" 452
"E:/unreal engine projects/Mazes424/Content/Megascans/Surfaces/Wooden_Panel_2x2_M_00/teilffxg_2K_Albedo.uasset" 453
"E:/unreal engine projects/Mazes424/Content/Megascans/Surfaces/Wooden_Panel_2x2_M_00/teilffxg_2K_Normal.uasset" 454
"E:/unreal engine projects/Mazes424/Content/Megascans/Surfaces/Wooden_Panel_2x2_M_00/teilffxg_2K_Roughness.uasset" 455
"E:/unreal engine projects/Mazes424/Content/Megascans/Surfaces/Wooden_Panel_2x2_M_00/Wooden_Panel_2x2_M_00_inst.uasset" 456
"E:/unreal engine projects/Mazes424/Content/Megascans/Surfaces/Straw_And_Mud_Surface_00/sbzlfqp_2K_Albedo.uasset" 457
"E:/unreal engine projects/Mazes424/Content/Megascans/Surfaces/Straw_And_Mud_Surface_00/sbzlfqp_2K_Normal.uasset" 458
"E:/unreal engine projects/Mazes424/Content/Megascans/Surfaces/Straw_And_Mud_Surface_00/sbzlfqp_2K_Roughness.uasset" 459
"E:/unreal engine projects/Mazes424/Content/rome/coliseum/Straw_And_Mud_Surface_00_inst.uasset" 460
"E:/unreal engine projects/Mazes424/Content/characters/zeus-statue/textures/zeus-sp_beard_BaseColor.uasset" 461
"E:/unreal engine projects/Mazes424/Content/characters/zeus-statue/textures/zeus-sp_beard_Normal.uasset" 462
"E:/unreal engine projects/Mazes424/Content/characters/zeus-statue/textures/zeus-sp_beard_OcclusionRoughnessMetallic.uasset" 463
"E:/unreal engine projects/Mazes424/Content/characters/zeus-statue/beard.uasset" 464
"E:/unreal engine projects/Mazes424/Content/characters/zeus-statue/textures/zeus-sp_body1_BaseColor.uasset" 465
"E:/unreal engine projects/Mazes424/Content/characters/zeus-statue/textures/zeus-sp_body1_Normal.uasset" 466
"E:/unreal engine projects/Mazes424/Content/characters/zeus-statue/textures/zeus-sp_body1_OcclusionRoughnessMetallic.uasset" 467
"E:/unreal engine projects/Mazes424/Content/characters/zeus-statue/body1.uasset" 468
"E:/unreal engine projects/Mazes424/Content/characters/zeus-statue/textures/zeus-sp_brows_1_BaseColor.uasset" 469
"E:/unreal engine projects/Mazes424/Content/characters/zeus-statue/textures/zeus-sp_brows_1_Normal.uasset" 470
"E:/unreal engine projects/Mazes424/Content/characters/zeus-statue/textures/zeus-sp_brows_1_OcclusionRoughnessMetallic.uasset" 471
"E:/unreal engine projects/Mazes424/Content/characters/zeus-statue/brows_1.uasset" 472
"E:/unreal engine projects/Mazes424/Content/characters/zeus-statue/textures/zeus-sp_eyes_BaseColor.uasset" 473
"E:/unreal engine projects/Mazes424/Content/characters/zeus-statue/textures/zeus-sp_eyes_Normal.uasset" 474
"E:/unreal engine projects/Mazes424/Content/characters/zeus-statue/textures/zeus-sp_eyes_OcclusionRoughnessMetallic.uasset" 475
"E:/unreal engine projects/Mazes424/Content/characters/zeus-statue/eyes.uasset" 476
"E:/unreal engine projects/Mazes424/Content/characters/zeus-statue/textures/zeus-sp_hair_BaseColor.uasset" 477
"E:/unreal engine projects/Mazes424/Content/characters/zeus-statue/textures/zeus-sp_hair_Normal.uasset" 478
"E:/unreal engine projects/Mazes424/Content/characters/zeus-statue/textures/zeus-sp_hair_OcclusionRoughnessMetallic.uasset" 479
"E:/unreal engine projects/Mazes424/Content/characters/zeus-statue/hair.uasset" 480
"E:/unreal engine projects/Mazes424/Content/characters/zeus-statue/head_TXTR.uasset" 481
"E:/unreal engine projects/Mazes424/Content/characters/zeus-statue/textures/zeus-sp_head_BaseColor.uasset" 482
"E:/unreal engine projects/Mazes424/Content/characters/zeus-statue/textures/zeus-sp_head_Normal.uasset" 483
"E:/unreal engine projects/Mazes424/Content/characters/zeus-statue/textures/zeus-sp_head_OcclusionRoughnessMetallic.uasset" 484
"E:/unreal engine projects/Mazes424/Content/characters/zeus-statue/head.uasset" 485
"E:/unreal engine projects/Mazes424/Content/characters/zeus-statue/textures/zeus-sp_plate_BaseColor.uasset" 486
"E:/unreal engine projects/Mazes424/Content/characters/zeus-statue/textures/zeus-sp_plate_Normal.uasset" 487
"E:/unreal engine projects/Mazes424/Content/characters/zeus-statue/textures/zeus-sp_plate_OcclusionRoughnessMetallic.uasset" 488
"E:/unreal engine projects/Mazes424/Content/characters/zeus-statue/plate.uasset" 489
"E:/unreal engine projects/Mazes424/Content/characters/zeus-statue/textures/zeus-sp_robe_BaseColor.uasset" 490
"E:/unreal engine projects/Mazes424/Content/characters/zeus-statue/textures/zeus-sp_robe_Normal.uasset" 491
"E:/unreal engine projects/Mazes424/Content/characters/zeus-statue/textures/zeus-sp_robe_OcclusionRoughnessMetallic.uasset" 492
"E:/unreal engine projects/Mazes424/Content/characters/zeus-statue/robe.uasset" 493
"E:/unreal engine projects/Mazes424/Content/characters/zeus-statue/zeus-unreal_.uasset" 494
"E:/unreal engine projects/Mazes424/Content/rome/coliseum/big-boooth.uasset" 495
"E:/unreal engine projects/Mazes424/Content/rome/coliseum/cross.uasset" 496
"E:/unreal engine projects/Mazes424/Content/rome/coliseum/doorway.uasset" 497
"E:/unreal engine projects/Mazes424/Content/rome/coliseum/gate.uasset" 498
"E:/unreal engine projects/Mazes424/Content/rome/coliseum/gate_gate.uasset" 499
"E:/unreal engine projects/Mazes424/Content/rome/coliseum/floor.uasset" 500
"E:/unreal engine projects/Mazes424/Content/rome/coliseum/ring.uasset" 501
"E:/unreal engine projects/Mazes424/Content/rome/coliseum/skinnywall.uasset" 502
"E:/unreal engine projects/Mazes424/Content/Megascans/Surfaces/Pine_Tree_Bark_00/tf5kfenr_2K_Albedo.uasset" 503
"E:/unreal engine projects/Mazes424/Content/Megascans/Surfaces/Pine_Tree_Bark_00/tf5kfenr_2K_Normal.uasset" 504
"E:/unreal engine projects/Mazes424/Content/Megascans/Surfaces/Pine_Tree_Bark_00/tf5kfenr_2K_Roughness.uasset" 505
"E:/unreal engine projects/Mazes424/Content/Megascans/Surfaces/Pine_Tree_Bark_00/Pine_Tree_Bark_00_inst.uasset" 506
"../../../Engine/Content/Functions/Engine_MaterialFunctions01/WorldPositionOffset/SimpleGrassWind.uasset" 507
"E:/unreal engine projects/Mazes424/Content/trees/unbrella-pine/pine_branch_n.uasset" 508
"E:/unreal engine projects/Mazes424/Content/trees/unbrella-pine/pine_branch_s.uasset" 509
"E:/unreal engine projects/Mazes424/Content/trees/unbrella-pine/pine_branch_t.uasset" 510
"E:/unreal engine projects/Mazes424/Content/trees/unbrella-pine/pine_branch2.uasset" 511
"E:/unreal engine projects/Mazes424/Content/trees/unbrella-pine/pine_branch2_Inst.uasset" 512
"E:/unreal engine projects/Mazes424/Content/trees/unbrella-pine/pine_leaf.uasset" 513
"E:/unreal engine projects/Mazes424/Content/trees/unbrella-pine/pine_leaf_n.uasset" 514
"E:/unreal engine projects/Mazes424/Content/trees/unbrella-pine/pine_leaf_s.uasset" 515
"E:/unreal engine projects/Mazes424/Content/trees/unbrella-pine/pine_leaf2.uasset" 516
"E:/unreal engine projects/Mazes424/Content/trees/unbrella-pine/pine_leaf2_Inst.uasset" 517
"E:/unreal engine projects/Mazes424/Content/trees/unbrella-pine/unbrella_pine.uasset" 518
"E:/unreal engine projects/Mazes424/Content/Maps/rome.umap" 519
"E:/unreal engine projects/Mazes424/Content/characters/demon-mayan/demon-mayan-t-bones-mats-ue_Skeleton.uasset" 520
"E:/unreal engine projects/Mazes424/Content/characters/demon-mayan/animate/Idle.uasset" 521
"E:/unreal engine projects/Mazes424/Content/characters/demon-mayan/animate/Running.uasset" 522
"E:/unreal engine projects/Mazes424/Content/characters/demon-mayan/animate/Walking.uasset" 523
"E:/unreal engine projects/Mazes424/Content/characters/demon-mayan/demon-mayan.uasset" 524
"E:/unreal engine projects/Mazes424/Content/characters/demon-mayan/demon-mayan-bp.uasset" 525
"E:/unreal engine projects/Mazes424/Content/characters/demon-mayan/animate/Zombie_Attack.uasset" 526
"E:/unreal engine projects/Mazes424/Content/characters/demon-mayan/animate/Zombie_Attack_Montage.uasset" 527
"E:/unreal engine projects/Mazes424/Content/ThirdPersonBP/Blueprints/warrior-bp/attackbp.uasset" 528
"E:/unreal engine projects/Mazes424/Content/characters/demon-mayan/textures/mayans_demon_low_Body_1_AO.uasset" 529
"E:/unreal engine projects/Mazes424/Content/characters/demon-mayan/textures/mayans_demon_low_Body_1_Diffuse.uasset" 530
"E:/unreal engine projects/Mazes424/Content/characters/demon-mayan/textures/mayans_demon_low_Body_1_Emissive.uasset" 531
"E:/unreal engine projects/Mazes424/Content/characters/demon-mayan/textures/mayans_demon_low_Body_1_Normals.uasset" 532
"E:/unreal engine projects/Mazes424/Content/characters/demon-mayan/textures/mayans_demon_low_Body_1_rough.uasset" 533
"E:/unreal engine projects/Mazes424/Content/characters/demon-mayan/textures/mayans_demon_low_Body_1_specular.uasset" 534
"E:/unreal engine projects/Mazes424/Content/characters/demon-mayan/Body_1.uasset" 535
"E:/unreal engine projects/Mazes424/Content/characters/demon-mayan/textures/mayans_demon_low_Cover_1_AO.uasset" 536
"E:/unreal engine projects/Mazes424/Content/characters/demon-mayan/textures/mayans_demon_low_Cover_1_Diffuse.uasset" 537
"E:/unreal engine projects/Mazes424/Content/characters/demon-mayan/textures/mayans_demon_low_Cover_1_Normals.uasset" 538
"E:/unreal engine projects/Mazes424/Content/characters/demon-mayan/textures/mayans_demon_low_Cover_1_rough.uasset" 539
"E:/unreal engine projects/Mazes424/Content/characters/demon-mayan/textures/mayans_demon_low_Cover_1_specular.uasset" 540
"E:/unreal engine projects/Mazes424/Content/characters/demon-mayan/Cover_1.uasset" 541
"E:/unreal engine projects/Mazes424/Content/characters/demon-mayan/textures/mayans_demon_low_Eyes_Diffuse.uasset" 542
"E:/unreal engine projects/Mazes424/Content/characters/demon-mayan/textures/mayans_demon_low_Eyes_Normals.uasset" 543
"E:/unreal engine projects/Mazes424/Content/characters/demon-mayan/Eyes.uasset" 544
"E:/unreal engine projects/Mazes424/Content/characters/demon-mayan/textures/mayans_demon_low_Head_AO.uasset" 545
"E:/unreal engine projects/Mazes424/Content/characters/demon-mayan/textures/mayans_demon_low_Head_Diffuse.uasset" 546
"E:/unreal engine projects/Mazes424/Content/characters/demon-mayan/textures/mayans_demon_low_Head_Normals.uasset" 547
"E:/unreal engine projects/Mazes424/Content/characters/demon-mayan/textures/mayans_demon_low_Head_rough.uasset" 548
"E:/unreal engine projects/Mazes424/Content/characters/demon-mayan/textures/mayans_demon_low_Head_specular.uasset" 549
"E:/unreal engine projects/Mazes424/Content/characters/demon-mayan/Head.uasset" 550
"E:/unreal engine projects/Mazes424/Content/characters/demon-mayan/textures/mayans_demon_low_Helmet_AO.uasset" 551
"E:/unreal engine projects/Mazes424/Content/characters/demon-mayan/textures/mayans_demon_low_Helmet_Diffuse.uasset" 552
"E:/unreal engine projects/Mazes424/Content/characters/demon-mayan/textures/mayans_demon_low_Helmet_Normals.uasset" 553
"E:/unreal engine projects/Mazes424/Content/characters/demon-mayan/Helmet.uasset" 554
"E:/unreal engine projects/Mazes424/Content/characters/demon-mayan/textures/mayans_demon_low_Shoes_1_AO.uasset" 555
"E:/unreal engine projects/Mazes424/Content/characters/demon-mayan/textures/mayans_demon_low_Shoes_1_Diffuse.uasset" 556
"E:/unreal engine projects/Mazes424/Content/characters/demon-mayan/textures/mayans_demon_low_Shoes_1_Normals.uasset" 557
"E:/unreal engine projects/Mazes424/Content/characters/demon-mayan/textures/mayans_demon_low_Shoes_1_rough.uasset" 558
"E:/unreal engine projects/Mazes424/Content/characters/demon-mayan/Shoes_1.uasset" 559
"E:/unreal engine projects/Mazes424/Content/characters/demon-mayan/demon-mayan-t-bones-mats-ue_PhysicsAsset.uasset" 560
"E:/unreal engine projects/Mazes424/Content/characters/demon-mayan/demon-mayan-t-bones-mats-ue.uasset" 561
"E:/unreal engine projects/Mazes424/Content/ThirdPersonBP/Blueprints/warrior-bp/warror.uasset" 562
"E:/unreal engine projects/Mazes424/Content/ThirdPersonBP/Blueprints/warrior-bp/bb-warrior.uasset" 563
"E:/unreal engine projects/Mazes424/Content/ThirdPersonBP/Blueprints/warrior-bp/attack-swing.uasset" 564
"E:/unreal engine projects/Mazes424/Content/ThirdPersonBP/Blueprints/warrior-bp/demonLocation.uasset" 565
"E:/unreal engine projects/Mazes424/Content/ThirdPersonBP/Blueprints/warrior-bp/inRange.uasset" 566
"E:/unreal engine projects/Mazes424/Content/ThirdPersonBP/Blueprints/warrior-bp/RunAfterTask.uasset" 567
"E:/unreal engine projects/Mazes424/Content/ThirdPersonBP/Blueprints/warrior-bp/warrior-att.uasset" 568
"E:/unreal engine projects/Mazes424/Content/buildings/Pirmid/textures/pyrmid1_Base_BaseColor.uasset" 569
"E:/unreal engine projects/Mazes424/Content/buildings/Pirmid/textures/pyrmid1_Base_Normal.uasset" 570
"E:/unreal engine projects/Mazes424/Content/buildings/Pirmid/textures/pyrmid1_Base_OcclusionRoughnessMetallic.uasset" 571
"E:/unreal engine projects/Mazes424/Content/buildings/Pirmid/Base.uasset" 572
"E:/unreal engine projects/Mazes424/Content/buildings/Pirmid/pyrmid1Unreal_Base.uasset" 573
"E:/unreal engine projects/Mazes424/Content/buildings/Pirmid/textures/pyrmid1_Sides_BaseColor.uasset" 574
"E:/unreal engine projects/Mazes424/Content/buildings/Pirmid/textures/pyrmid1_Sides_Normal.uasset" 575
"E:/unreal engine projects/Mazes424/Content/buildings/Pirmid/textures/pyrmid1_Sides_OcclusionRoughnessMetallic.uasset" 576
"E:/unreal engine projects/Mazes424/Content/buildings/Pirmid/Sides.uasset" 577
"E:/unreal engine projects/Mazes424/Content/buildings/Pirmid/pyrmid1Unreal_Sides.uasset" 578
"E:/unreal engine projects/Mazes424/Content/buildings/Pirmid/textures/pyrmid1_Top_BaseColor.uasset" 579
"E:/unreal engine projects/Mazes424/Content/buildings/Pirmid/textures/pyrmid1_Top_Normal.uasset" 580
"E:/unreal engine projects/Mazes424/Content/buildings/Pirmid/textures/pyrmid1_Top_OcclusionRoughnessMetallic.uasset" 581
"E:/unreal engine projects/Mazes424/Content/buildings/Pirmid/Top.uasset" 582
"E:/unreal engine projects/Mazes424/Content/buildings/Pirmid/pyrmid1Unreal_Top.uasset" 583
"E:/unreal engine projects/Mazes424/Content/buildings/Pirmid/pyrmid1Unreal_Base_Blueprint.uasset" 584
"E:/unreal engine projects/Mazes424/Content/ThirdPersonBP/Blueprints/warrior-bp/warrior-con.uasset" 585
"E:/unreal engine projects/Mazes424/Content/ThirdPersonBP/Blueprints/gras_LayerInfo.uasset" 586
"E:/unreal engine projects/Mazes424/Content/ThirdPersonBP/Maps/ThirdPersonExampleMap_sharedassets/rock_LayerInfo.uasset" 587
"E:/unreal engine projects/Mazes424/Content/ThirdPersonBP/Maps/ThirdPersonExampleMap_BuiltData.uasset" 588
"E:/unreal engine projects/Mazes424/Content/Megascans/Surfaces/Clover_Patches_On_Grass_2x2_M_00/sgmkajak_2K_Albedo.uasset" 589
"E:/unreal engine projects/Mazes424/Content/Megascans/Surfaces/Clover_Patches_On_Grass_2x2_M_00/sgmkajak_2K_AO.uasset" 590
"E:/unreal engine projects/Mazes424/Content/Megascans/Surfaces/Clover_Patches_On_Grass_2x2_M_00/sgmkajak_2K_Displacement.uasset" 591
"E:/unreal engine projects/Mazes424/Content/Megascans/Surfaces/Clover_Patches_On_Grass_2x2_M_00/sgmkajak_2K_Normal.uasset" 592
"E:/unreal engine projects/Mazes424/Content/Megascans/Surfaces/Clover_Patches_On_Grass_2x2_M_00/sgmkajak_2K_Roughness.uasset" 593
"E:/unreal engine projects/Mazes424/Content/Megascans/Surfaces/Rough_Rock_2x2_M_00/tl2ieggdy_2K_AO.uasset" 594
"E:/unreal engine projects/Mazes424/Content/Megascans/Surfaces/Rough_Rock_2x2_M_00/tl2ieggdy_2K_Specular.uasset" 595
"E:/unreal engine projects/Mazes424/Content/Megascans/Surfaces/Clover_Patches_On_Grass_2x2_M_00/land1.uasset" 596
"E:/unreal engine projects/Mazes424/Content/WaterMaterials/Textures/T_Water_Normal.uasset" 597
"E:/unreal engine projects/Mazes424/Content/WaterMaterials/Textures/T_Water_Normal_Large.uasset" 598
"E:/unreal engine projects/Mazes424/Content/WaterMaterials/Textures/T_Water_Normal_Subtle.uasset" 599
"E:/unreal engine projects/Mazes424/Content/WaterMaterials/Materials/M_Water_Clean.uasset" 600
"E:/unreal engine projects/Mazes424/Content/Megascans/Surfaces/Nordic_Moss_1x1_M_00/se4rwei_2K_Albedo.uasset" 601
"E:/unreal engine projects/Mazes424/Content/Megascans/Surfaces/Nordic_Moss_1x1_M_00/se4rwei_2K_Normal.uasset" 602
"E:/unreal engine projects/Mazes424/Content/Megascans/Surfaces/Nordic_Moss_1x1_M_00/se4rwei_2K_Roughness.uasset" 603
"E:/unreal engine projects/Mazes424/Content/Megascans/Surfaces/Nordic_Moss_1x1_M_00/Nordic_Moss_1x1_M_00_inst.uasset" 604
"E:/unreal engine projects/Mazes424/Content/Megascans/Surfaces/Rock_Cliff_Layered_2x2_M_00/thfkchjs_2K_Albedo.uasset" 605
"E:/unreal engine projects/Mazes424/Content/Megascans/Surfaces/Rock_Cliff_Layered_2x2_M_00/thfkchjs_2K_Normal.uasset" 606
"E:/unreal engine projects/Mazes424/Content/Megascans/Surfaces/Rock_Cliff_Layered_2x2_M_00/thfkchjs_2K_Roughness.uasset" 607
"E:/unreal engine projects/Mazes424/Content/Megascans/Surfaces/Rock_Cliff_Layered_2x2_M_00/Rock_Cliff_Layered_2x2_M_00_inst.uasset" 608
"E:/unreal engine projects/Mazes424/Content/Megascans/Surfaces/Rusted_Metal_Sheet_00/tj4kedvcw_2K_Albedo.uasset" 609
"E:/unreal engine projects/Mazes424/Content/Megascans/Surfaces/Rusted_Metal_Sheet_00/tj4kedvcw_2K_Normal.uasset" 610
"E:/unreal engine projects/Mazes424/Content/Megascans/Surfaces/Rusted_Metal_Sheet_00/tj4kedvcw_2K_Roughness.uasset" 611
"E:/unreal engine projects/Mazes424/Content/Megascans/Surfaces/Rusted_Metal_Sheet_00/Rusted_Metal_Sheet_00_inst.uasset" 612
"E:/unreal engine projects/Mazes424/Content/Megascans/Surfaces/Stone_Wall_2x2_M_01/tmtifcjew_2K_Albedo.uasset" 613
"E:/unreal engine projects/Mazes424/Content/Megascans/Surfaces/Stone_Wall_2x2_M_01/tmtifcjew_2K_Normal.uasset" 614
"E:/unreal engine projects/Mazes424/Content/Megascans/Surfaces/Stone_Wall_2x2_M_01/tmtifcjew_2K_Roughness.uasset" 615
"E:/unreal engine projects/Mazes424/Content/Megascans/Surfaces/Stone_Wall_2x2_M_01/Stone_Wall_2x2_M_01_inst.uasset" 616
"E:/unreal engine projects/Mazes424/Content/ThirdPersonBP/Blueprints/ThirdPersonGameMode.uasset" 617
"E:/unreal engine projects/Mazes424/Content/wegets/timerM1.uasset" 618
"../../../Engine/Content/BasicShapes/Plane.uasset" 619
"../../../Engine/Content/Functions/Engine_MaterialFunctions02/Math/MultiplyAdd.uasset" 620
"../../../Engine/Content/EngineMaterials/DefaultNormal.uasset" 621
"E:/unreal engine projects/Mazes424/Content/Megascans/Master_Materials/Standard_MasterMaterial.uasset" 622
"E:/unreal engine projects/Mazes424/Content/Megascans/3D_Asset/01_Roman_Column_tlovdfffa/tlovdfffa_4K_Albedo.uasset" 623
"E:/unreal engine projects/Mazes424/Content/Megascans/3D_Asset/01_Roman_Column_tlovdfffa/tlovdfffa_4K_Displacement.uasset" 624
"E:/unreal engine projects/Mazes424/Content/Megascans/3D_Asset/01_Roman_Column_tlovdfffa/tlovdfffa_4K_Normal_LOD0.uasset" 625
"E:/unreal engine projects/Mazes424/Content/Megascans/3D_Asset/01_Roman_Column_tlovdfffa/tlovdfffa_4K_Roughness.uasset" 626
"E:/unreal engine projects/Mazes424/Content/Megascans/3D_Asset/01_Roman_Column_tlovdfffa/01_Roman_Column_tlovdfffa_4K_inst.uasset" 627
"E:/unreal engine projects/Mazes424/Content/Megascans/3D_Asset/01_Roman_Column_tlovdfffa/tlovdfffa_LOD0.uasset" 628
"E:/unreal engine projects/Mazes424/Content/Megascans/3D_Asset/02_Mossy_Stones_Pack_tllhcelva/tllhcelva_4K_Albedo.uasset" 629
"E:/unreal engine projects/Mazes424/Content/Megascans/3D_Asset/02_Mossy_Stones_Pack_tllhcelva/tllhcelva_4K_Normal_LOD4.uasset" 630
"E:/unreal engine projects/Mazes424/Content/Megascans/3D_Asset/02_Mossy_Stones_Pack_tllhcelva/tllhcelva_4K_Roughness.uasset" 631
"E:/unreal engine projects/Mazes424/Content/Megascans/3D_Asset/02_Mossy_Stones_Pack_tllhcelva/02_Mossy_Stones_Pack_tllhcelva_4K_inst.uasset" 632
"E:/unreal engine projects/Mazes424/Content/Megascans/3D_Asset/02_Mossy_Stones_Pack_tllhcelva/tllhcelva_LOD4_Aset_rock_mossy_S_tllhcelva_01_LOD4.uasset" 633
"E:/unreal engine projects/Mazes424/Content/Megascans/3D_Asset/02_Mossy_Stones_Pack_tllhcelva/tllhcelva_LOD4_Aset_rock_mossy_S_tllhcelva_02_LOD4.uasset" 634
"E:/unreal engine projects/Mazes424/Content/Megascans/3D_Asset/02_Mossy_Stones_Pack_tllhcelva/tllhcelva_LOD4_Aset_rock_mossy_S_tllhcelva_03_LOD4.uasset" 635
"E:/unreal engine projects/Mazes424/Content/Megascans/3D_Assets/Broken_Pine_Stump_00/Aset_wood_stump_M_rfcpK_2K_Albedo.uasset" 636
"E:/unreal engine projects/Mazes424/Content/Megascans/3D_Assets/Broken_Pine_Stump_00/Aset_wood_stump_M_rfcpK_2K_Normal_LOD4.uasset" 637
"E:/unreal engine projects/Mazes424/Content/Megascans/3D_Assets/Broken_Pine_Stump_00/Aset_wood_stump_M_rfcpK_2K_Roughness.uasset" 638
"E:/unreal engine projects/Mazes424/Content/Megascans/3D_Assets/Broken_Pine_Stump_00/Broken_Pine_Stump_00_inst.uasset" 639
"E:/unreal engine projects/Mazes424/Content/Megascans/3D_Assets/Broken_Pine_Stump_00/Aset_wood_stump_M_rfcpK_LOD4.uasset" 640
"E:/unreal engine projects/Mazes424/Content/Megascans/3D_Assets/Old_Chapel_Arch_00/Aset_chapel_arch_L_sboft_2K_Albedo.uasset" 641
"E:/unreal engine projects/Mazes424/Content/Megascans/3D_Assets/Old_Chapel_Arch_00/Aset_chapel_arch_L_sboft_2K_Normal_LOD4.uasset" 642
"E:/unreal engine projects/Mazes424/Content/Megascans/3D_Assets/Old_Chapel_Arch_00/Aset_chapel_arch_L_sboft_2K_Roughness.uasset" 643
"E:/unreal engine projects/Mazes424/Content/Megascans/3D_Assets/Old_Chapel_Arch_00/Old_Chapel_Arch_00_inst.uasset" 644
"E:/unreal engine projects/Mazes424/Content/Megascans/3D_Assets/Old_Chapel_Arch_00/Aset_chapel_arch_L_sboft_LOD4.uasset" 645
"../../../Engine/Content/Functions/Engine_MaterialFunctions01/SpeedTree/SpeedTreeColorVariation.uasset" 646
"E:/unreal engine projects/Mazes424/Content/MSPresets/Foliage_Material/Foliage_Material.uasset" 647
"E:/unreal engine projects/Mazes424/Content/Megascans/3D_Plants/Tufted_Grass_00/Billboards/Billboard_4K_Albedo.uasset" 648
"E:/unreal engine projects/Mazes424/Content/Megascans/3D_Plants/Tufted_Grass_00/Billboards/Billboard_4K_Normal.uasset" 649
"E:/unreal engine projects/Mazes424/Content/Megascans/3D_Plants/Tufted_Grass_00/Billboards/Billboard_4K_Opacity.uasset" 650
"E:/unreal engine projects/Mazes424/Content/Megascans/3D_Plants/Tufted_Grass_00/Billboards/Billboard_4K_Roughness.uasset" 651
"E:/unreal engine projects/Mazes424/Content/Megascans/3D_Plants/Tufted_Grass_00/Billboards/Billboard_4K_Translucency.uasset" 652
"E:/unreal engine projects/Mazes424/Content/Megascans/3D_Plants/Tufted_Grass_00/Billboards/Tufted_Grass_00_billboard_inst.uasset" 653
"E:/unreal engine projects/Mazes424/Content/Megascans/3D_Plants/Tufted_Grass_00/tdbn2ap_4K_Albedo.uasset" 654
"E:/unreal engine projects/Mazes424/Content/Megascans/3D_Plants/Tufted_Grass_00/tdbn2ap_4K_Normal.uasset" 655
"E:/unreal engine projects/Mazes424/Content/Megascans/3D_Plants/Tufted_Grass_00/tdbn2ap_4K_Opacity.uasset" 656
"E:/unreal engine projects/Mazes424/Content/Megascans/3D_Plants/Tufted_Grass_00/tdbn2ap_4K_Roughness.uasset" 657
"E:/unreal engine projects/Mazes424/Content/Megascans/3D_Plants/Tufted_Grass_00/tdbn2ap_4K_Translucency.uasset" 658
"E:/unreal engine projects/Mazes424/Content/Megascans/3D_Plants/Tufted_Grass_00/Tufted_Grass_00_inst.uasset" 659
"E:/unreal engine projects/Mazes424/Content/Megascans/3D_Plants/Tufted_Grass_00/Var5_LOD0_5.uasset" 660
"../../../Engine/Content/Functions/Engine_MaterialFunctions01/Shading/FuzzyShading.uasset" 661
"../../../Engine/Content/Functions/Engine_MaterialFunctions01/Vectors/RotateVector.uasset" 662
"../../../Engine/Content/Functions/Engine_MaterialFunctions02/WorldPositionOffset/Wind.uasset" 663
"E:/unreal engine projects/Mazes424/Content/NaturePackage/Textures/BaseTexture/base_flat_n.uasset" 664
"E:/unreal engine projects/Mazes424/Content/NaturePackage/Textures/BaseTexture/base_gray_d.uasset" 665
"E:/unreal engine projects/Mazes424/Content/NaturePackage/Textures/BaseTexture/gradient_D.uasset" 666
"E:/unreal engine projects/Mazes424/Content/NaturePackage/Materials/BaseMaterial/Flora_twoSides.uasset" 667
"E:/unreal engine projects/Mazes424/Content/NaturePackage/Textures/flora/Bush_D.uasset" 668
"E:/unreal engine projects/Mazes424/Content/NaturePackage/Textures/flora/Bush_N.uasset" 669
"E:/unreal engine projects/Mazes424/Content/NaturePackage/Materials/flora/bush01.uasset" 670
"E:/unreal engine projects/Mazes424/Content/NaturePackage/Materials/BaseMaterial/Flora_back.uasset" 671
"E:/unreal engine projects/Mazes424/Content/NaturePackage/Textures/flora/RBush_D.uasset" 672
"E:/unreal engine projects/Mazes424/Content/NaturePackage/Materials/flora/RBush.uasset" 673
"E:/unreal engine projects/Mazes424/Content/NaturePackage/Meshes/flora/bush04.uasset" 674
"E:/unreal engine projects/Mazes424/Content/NaturePackage/Textures/flora/Grass1_2_D.uasset" 675
"E:/unreal engine projects/Mazes424/Content/NaturePackage/Textures/flora/Grass1_2_N.uasset" 676
"E:/unreal engine projects/Mazes424/Content/NaturePackage/Materials/flora/grass01_2.uasset" 677
"E:/unreal engine projects/Mazes424/Content/NaturePackage/Meshes/flora/Grass1_05.uasset" 678
"E:/unreal engine projects/Mazes424/Content/NaturePackage/Textures/flora/Ivan_tea_D.uasset" 679
"E:/unreal engine projects/Mazes424/Content/NaturePackage/Textures/flora/Ivan_tea_N.uasset" 680
"E:/unreal engine projects/Mazes424/Content/NaturePackage/Materials/flora/Ivan_tea.uasset" 681
"E:/unreal engine projects/Mazes424/Content/NaturePackage/Meshes/flora/Ivan_tea02.uasset" 682
"E:/unreal engine projects/Mazes424/Content/NaturePackage/Textures/flora/Myatlik_D.uasset" 683
"E:/unreal engine projects/Mazes424/Content/NaturePackage/Materials/flora/Myatlik.uasset" 684
"E:/unreal engine projects/Mazes424/Content/NaturePackage/Meshes/flora/Myatlik2.uasset" 685
"E:/unreal engine projects/Mazes424/Content/NaturePackage/Textures/flora/RTrees2_D.uasset" 686
"E:/unreal engine projects/Mazes424/Content/NaturePackage/Materials/flora/RTree2.uasset" 687
"../../../Engine/Content/Functions/Engine_MaterialFunctions02/Utility/BlendAngleCorrectedNormals.uasset" 688
"E:/unreal engine projects/Mazes424/Content/NaturePackage/Textures/BaseTexture/base_white_d.uasset" 689
"E:/unreal engine projects/Mazes424/Content/NaturePackage/Textures/BaseTexture/Mask1.uasset" 690
"E:/unreal engine projects/Mazes424/Content/NaturePackage/Materials/BaseMaterial/bese_material.uasset" 691
"E:/unreal engine projects/Mazes424/Content/NaturePackage/Textures/flora/TreeBark_D.uasset" 692
"E:/unreal engine projects/Mazes424/Content/NaturePackage/Textures/flora/TreeBark_N.uasset" 693
"E:/unreal engine projects/Mazes424/Content/NaturePackage/Materials/flora/tree_bark.uasset" 694
"E:/unreal engine projects/Mazes424/Content/NaturePackage/Textures/flora/TreeBranch2_D.uasset" 695
"E:/unreal engine projects/Mazes424/Content/NaturePackage/Textures/flora/TreeBranch2_N.uasset" 696
"E:/unreal engine projects/Mazes424/Content/NaturePackage/Materials/flora/TreeBrunch2.uasset" 697
"E:/unreal engine projects/Mazes424/Content/NaturePackage/Meshes/flora/Tree08.uasset" 698
"E:/unreal engine projects/Mazes424/Content/NaturePackage/Meshes/flora/Tree08_2.uasset" 699
"E:/unreal engine projects/Mazes424/Content/ThirdPersonBP/Maps/ThirdPersonExampleMap.umap" 700
